2024-11-24 09:25:18: Log file 'C:/AeroMap/AeroMap/Data/AeroMap.log' created.
2024-11-24 09:25:18: Loading C:/AeroMap/AeroMap/Data/test.aero ...
2024-11-24 09:25:18: C:/AeroMap/AeroMap/Data/test.aero loaded
2024-11-24 09:25:18: DroneWindow::initializeGL - Using GLEW: 2.2.0
2024-11-24 09:25:18: GLManager::Initialize - 
2024-11-24 09:25:18: DroneWindow::initializeGL - GLU_VERSION: 1.2.2.0 Microsoft Corporation
2024-11-24 09:25:18: DroneWindow::initializeGL - GLU_EXTENSIONS: GL_EXT_bgra
2024-11-24 09:25:18: DroneWindow::initializeGL - GL_MAX_ATTRIB_STACK_DEPTH: 16
2024-11-24 09:25:18: DroneWindow::initializeGL - GL_MAX_CLIENT_ATTRIB_STACK_DEPTH: 16
2024-11-24 09:25:18: DroneWindow::initializeGL - GL_MAX_CLIP_PLANES: 8
2024-11-24 09:25:18: DroneWindow::initializeGL - GL_MAX_EVAL_ORDER: 8
2024-11-24 09:25:18: DroneWindow::initializeGL - GL_MAX_LIGHTS: 8
2024-11-24 09:25:18: DroneWindow::initializeGL - GL_MAX_MODELVIEW_STACK_DEPTH: 32
2024-11-24 09:25:18: DroneWindow::initializeGL - GL_MAX_NAME_STACK_DEPTH: 128
2024-11-24 09:25:18: DroneWindow::initializeGL - GL_MAX_PIXEL_MAP_TABLE: 65536
2024-11-24 09:25:18: DroneWindow::initializeGL - GL_MAX_PROJECTION_STACK_DEPTH: 4
2024-11-24 09:25:18: DroneWindow::initializeGL - GL_MAX_TEXTURE_SIZE: 16384
2024-11-24 09:25:18: DroneWindow::initializeGL - GL_MAX_TEXTURE_STACK_DEPTH: 10
2024-11-24 09:25:18: DroneWindow::initializeGL - GL_MAX_VIEWPORT_DIMS: 16384x16384
2024-11-24 09:25:18: DroneWindow::initializeGL - GL Vendor    : NVIDIA Corporation
2024-11-24 09:25:18: DroneWindow::initializeGL - GL Renderer  : NVIDIA GeForce GTX 745/PCIe/SSE2
2024-11-24 09:25:18: DroneWindow::initializeGL - GL Version   : 4.6.0 NVIDIA 560.94
2024-11-24 09:25:18: DroneWindow::initializeGL - GL Version   : 4.6
2024-11-24 09:25:18: DroneWindow::initializeGL - GLSL Version : 4.60 NVIDIA
2024-11-24 09:25:18: ShaderGL::PrintActiveUniforms - ------------------------------------------------
2024-11-24 09:25:18: ShaderGL::PrintActiveUniforms -  Shader: SS
2024-11-24 09:25:18: ShaderGL::PrintActiveUniforms -  Location | Name
2024-11-24 09:25:18: ShaderGL::PrintActiveUniforms - ------------------------------------------------
2024-11-24 09:25:18: ShaderGL::PrintActiveUniforms -  0        | ProjectionMatrix
2024-11-24 09:25:18: ShaderGL::PrintActiveAttribs - ------------------------------------------------
2024-11-24 09:25:18: ShaderGL::PrintActiveAttribs -  Shader: SS
2024-11-24 09:25:18: ShaderGL::PrintActiveAttribs -  Index | Name
2024-11-24 09:25:18: ShaderGL::PrintActiveAttribs - ------------------------------------------------
2024-11-24 09:25:18: ShaderGL::PrintActiveAttribs -  1     | VertexColor
2024-11-24 09:25:18: ShaderGL::PrintActiveAttribs -  0     | VertexPosition
2024-11-24 09:25:18: ShaderGL::PrintActiveUniforms - ------------------------------------------------
2024-11-24 09:25:18: ShaderGL::PrintActiveUniforms -  Shader: Image
2024-11-24 09:25:18: ShaderGL::PrintActiveUniforms -  Location | Name
2024-11-24 09:25:18: ShaderGL::PrintActiveUniforms - ------------------------------------------------
2024-11-24 09:25:18: ShaderGL::PrintActiveUniforms -  0        | ProjectionMatrix
2024-11-24 09:25:18: ShaderGL::PrintActiveUniforms -  1        | xoff
2024-11-24 09:25:18: ShaderGL::PrintActiveUniforms -  2        | yoff
2024-11-24 09:25:18: ShaderGL::PrintActiveAttribs - ------------------------------------------------
2024-11-24 09:25:18: ShaderGL::PrintActiveAttribs -  Shader: Image
2024-11-24 09:25:18: ShaderGL::PrintActiveAttribs -  Index | Name
2024-11-24 09:25:18: ShaderGL::PrintActiveAttribs - ------------------------------------------------
2024-11-24 09:25:18: ShaderGL::PrintActiveAttribs -  1     | VertexColor
2024-11-24 09:25:18: ShaderGL::PrintActiveAttribs -  0     | VertexPosition
2024-11-24 09:25:25: Loading images...
2024-11-24 09:25:29: Load images canceled.
2024-11-24 09:25:36: Loading images...
2024-11-24 09:25:43: Load images canceled.
2024-11-24 09:25:46: GLManager::Shutdown - 
